-------------------------------------------------------------------------------
Test set: edu.pingpong.NumeroRomanoTest
-------------------------------------------------------------------------------
Tests run: 1, Failures: 1, Errors: 0, Skipped: 0, Time elapsed: 0.053 s <<< FAILURE! - in edu.pingpong.NumeroRomanoTest
grupo_M_test(edu.pingpong.NumeroRomanoTest)  Time elapsed: 0.01 s  <<< FAILURE!
java.lang.AssertionError: expected:<1000> but was:<1008>
	at edu.pingpong.NumeroRomanoTest.grupo_M_test(NumeroRomanoTest.java:27)

