<?xml version="1.0" encoding="UTF-8"?>
<testsuite xmlns:xsi="http://www.w3.org/2001/XMLSchema-instance" xsi:noNamespaceSchemaLocation="https://maven.apache.org/surefire/maven-surefire-plugin/xsd/surefire-test-report.xsd" name="edu.pingpong.NumeroRomanoTest" time="0.053" tests="1" errors="0" skipped="0" failures="1">
  <properties>
[...]
</properties>
  <testcase name="grupo_M_test" classname="edu.pingpong.NumeroRomanoTest" time="0.01">
    <failure message="expected:&lt;1000&gt; but was:&lt;1008&gt;" type="java.lang.AssertionError"><![CDATA[java.lang.AssertionError: expected:<1000> but was:<1008>
	at edu.pingpong.NumeroRomanoTest.grupo_M_test(NumeroRomanoTest.java:27)
]]></failure>
  </testcase>
</testsuite>