<?xml version="1.0" encoding="UTF-8"?>
<testsuite xmlns:xsi="http://www.w3.org/2001/XMLSchema-instance" xsi:noNamespaceSchemaLocation="https://maven.apache.org/surefire/maven-surefire-plugin/xsd/surefire-test-report.xsd" name="edu.pingpong.NumeroRomanoTest" time="0.053" tests="1" errors="0" skipped="0" failures="1">
  <properties>
    <property name="sun.desktop" value="windows"/>
    <property name="awt.toolkit" value="sun.awt.windows.WToolkit"/>
    <property name="java.specification.version" value="11"/>
    <property name="sun.cpu.isalist" value="amd64"/>
    <property name="sun.jnu.encoding" value="Cp1252"/>
    <property name="java.class.path" value="C:\CLASE\Kata-NumerosRomanos\NumerosRomanos\target\test-classes;C:\CLASE\Kata-NumerosRomanos\NumerosRomanos\target\classes;C:\Users\34673\.m2\repository\junit\junit\4.11\junit-4.11.jar;C:\Users\34673\.m2\repository\org\hamcrest\hamcrest-core\1.3\hamcrest-core-1.3.jar;C:\Users\34673\.m2\repository\org\assertj\assertj-core\3.19.0\assertj-core-3.19.0.jar;"/>
    <property name="java.vm.vendor" value="Oracle Corporation"/>
    <property name="sun.arch.data.model" value="64"/>
    <property name="user.variant" value=""/>
    <property name="java.vendor.url" value="https://openjdk.java.net/"/>
    <property name="user.timezone" value="Europe/Paris"/>
    <property name="java.vm.specification.version" value="11"/>
    <property name="os.name" value="Windows 10"/>
    <property name="sun.java.launcher" value="SUN_STANDARD"/>
    <property name="user.country" value="ES"/>
    <property name="sun.boot.library.path" value="C:\Program Files\Java\jdk-11.0.10\bin"/>
    <property name="sun.java.command" value="C:\Users\34673\AppData\Local\Temp\surefire15012002669838460994\surefirebooter4916137823869873694.jar C:\Users\34673\AppData\Local\Temp\surefire15012002669838460994 2021-04-17T21-25-27_154-jvmRun1 surefire8350387812559171340tmp surefire_010815355780009567650tmp"/>
    <property name="jdk.debug" value="release"/>
    <property name="surefire.test.class.path" value="C:\CLASE\Kata-NumerosRomanos\NumerosRomanos\target\test-classes;C:\CLASE\Kata-NumerosRomanos\NumerosRomanos\target\classes;C:\Users\34673\.m2\repository\junit\junit\4.11\junit-4.11.jar;C:\Users\34673\.m2\repository\org\hamcrest\hamcrest-core\1.3\hamcrest-core-1.3.jar;C:\Users\34673\.m2\repository\org\assertj\assertj-core\3.19.0\assertj-core-3.19.0.jar;"/>
    <property name="sun.cpu.endian" value="little"/>
    <property name="user.home" value="C:\Users\34673"/>
    <property name="user.language" value="es"/>
    <property name="java.specification.vendor" value="Oracle Corporation"/>
    <property name="java.version.date" value="2021-01-19"/>
    <property name="java.home" value="C:\Program Files\Java\jdk-11.0.10"/>
    <property name="file.separator" value="\"/>
    <property name="basedir" value="C:\CLASE\Kata-NumerosRomanos\NumerosRomanos"/>
    <property name="java.vm.compressedOopsMode" value="32-bit"/>
    <property name="line.separator" value="&#10;"/>
    <property name="java.specification.name" value="Java Platform API Specification"/>
    <property name="java.vm.specification.vendor" value="Oracle Corporation"/>
    <property name="java.awt.graphicsenv" value="sun.awt.Win32GraphicsEnvironment"/>
    <property name="surefire.real.class.path" value="C:\Users\34673\AppData\Local\Temp\surefire15012002669838460994\surefirebooter4916137823869873694.jar"/>
    <property name="user.script" value=""/>
    <property name="sun.management.compiler" value="HotSpot 64-Bit Tiered Compilers"/>
    <property name="java.runtime.version" value="11.0.10+8-LTS-162"/>
    <property name="user.name" value="34673"/>
    <property name="path.separator" value=";"/>
    <property name="os.version" value="10.0"/>
    <property name="java.runtime.name" value="Java(TM) SE Runtime Environment"/>
    <property name="file.encoding" value="Cp1252"/>
    <property name="java.vm.name" value="Java HotSpot(TM) 64-Bit Server VM"/>
    <property name="java.vendor.version" value="18.9"/>
    <property name="localRepository" value="C:\Users\34673\.m2\repository"/>
    <property name="java.vendor.url.bug" value="https://bugreport.java.com/bugreport/"/>
    <property name="java.io.tmpdir" value="C:\Users\34673\AppData\Local\Temp\"/>
    <property name="java.version" value="11.0.10"/>
    <property name="user.dir" value="C:\CLASE\Kata-NumerosRomanos\NumerosRomanos"/>
    <property name="os.arch" value="amd64"/>
    <property name="java.vm.specification.name" value="Java Virtual Machine Specification"/>
    <property name="java.awt.printerjob" value="sun.awt.windows.WPrinterJob"/>
    <property name="sun.os.patch.level" value=""/>
    <property name="java.library.path" value="C:\Program Files\Java\jdk-11.0.10\bin;C:\Windows\Sun\Java\bin;C:\Windows\system32;C:\Windows;C:\Program Files\Common Files\Oracle\Java\javapath;C:\Program Files (x86)\Common Files\Oracle\Java\javapath;C:\Windows\system32;C:\Windows;C:\Windows\System32\Wbem;C:\Windows\System32\WindowsPowerShell\v1.0\;C:\Windows\System32\OpenSSH\;C:\Program Files\MongoDB\Server\4.4\bin\;C:\Program Files\Git\cmd;C:\Program Files\TortoiseGit\bin;C:\Program Files\Java\jdk-11.0.10\bin;C:\Users\34673\AppData\Local\Programs\Python\Python39\Scripts\;C:\Users\34673\AppData\Local\Programs\Python\Python39\;C:\Users\34673\AppData\Local\Microsoft\WindowsApps;C:\Users\34673\AppData\Local\Programs\Microsoft VS Code\bin;C:\Program Files\Java\jdk-11.0.10\bin;C:\apache-maven-3.6.3\bin;;."/>
    <property name="java.vendor" value="Oracle Corporation"/>
    <property name="java.vm.info" value="mixed mode"/>
    <property name="java.vm.version" value="11.0.10+8-LTS-162"/>
    <property name="sun.io.unicode.encoding" value="UnicodeLittle"/>
    <property name="java.class.version" value="55.0"/>
  </properties>
  <testcase name="grupo_M_test" classname="edu.pingpong.NumeroRomanoTest" time="0.01">
    <failure message="expected:&lt;1000&gt; but was:&lt;1008&gt;" type="java.lang.AssertionError"><![CDATA[java.lang.AssertionError: expected:<1000> but was:<1008>
	at edu.pingpong.NumeroRomanoTest.grupo_M_test(NumeroRomanoTest.java:27)
]]></failure>
  </testcase>
</testsuite>